<?xml version="1.0" encoding="UTF-8"?>
<!-- Generated by org.testng.reporters.JUnitReportReporter -->
<testsuite hostname="ramsiri" failures="0" tests="5" name="testngpractice.frameworktestng" time="31.374" errors="0" timestamp="2021-04-06T14:57:09 AEST" skipped="0">
  <testcase classname="testngpractice.frameworktestng" name="testcase4" time="8.331"/>
  <system-out/>
  <testcase classname="testngpractice.frameworktestng" name="testcase6" time="5.194"/>
  <system-out/>
  <testcase classname="testngpractice.frameworktestng" name="testcase2" time="6.782"/>
  <system-out/>
  <testcase classname="testngpractice.frameworktestng" name="testcase3" time="6.069"/>
  <system-out/>
  <testcase classname="testngpractice.frameworktestng" name="testcase5" time="4.998"/>
  <system-out/>
</testsuite> <!-- testngpractice.frameworktestng -->
