<?xml version="1.0" encoding="UTF-8"?>
<!-- Generated by org.testng.reporters.JUnitReportReporter -->
<testsuite hostname="ramsiri" failures="0" tests="5" name="testngpractice.Honey" time="28.912" errors="0" timestamp="2021-04-07T13:28:58 AEST" skipped="0">
  <testcase classname="testngpractice.Honey" name="testcase6" time="4.350"/>
  <system-out/>
  <testcase classname="testngpractice.Honey" name="testcase3" time="7.183"/>
  <system-out/>
  <testcase classname="testngpractice.Honey" name="testcase5" time="4.790"/>
  <system-out/>
  <testcase classname="testngpractice.Honey" name="testcase4" time="4.915"/>
  <system-out/>
  <testcase classname="testngpractice.Honey" name="testecase2" time="7.674"/>
  <system-out/>
</testsuite> <!-- testngpractice.Honey -->
